<?xml version="1.0" encoding="UTF-8"?>
<!-- Generated by org.testng.reporters.JUnitXMLReporter -->
<testsuite hostname="DESKTOP-4FMUS56" ignored="0" name="MarshPanel Test" tests="13" failures="2" timestamp="2020-04-13T22:22:36 IST" time="64.303" errors="0">
  <testcase name="forgotpassword0" time="16.71" classname="com.MarshPanel.TestCases.TC_ForgotPassword_002_OTP"/>
  <testcase name="forgotpassword1" time="0.406" classname="com.MarshPanel.TestCases.TC_ForgotPassword_002_OTP"/>
  <testcase name="forgotpassword2" time="2.663" classname="com.MarshPanel.TestCases.TC_ForgotPassword_002_OTP"/>
  <testcase name="forgotpassword3" time="5.302" classname="com.MarshPanel.TestCases.TC_ForgotPassword_002_OTP">
    <failure type="java.lang.AssertionError" message="expected [true] but found [false]">
      <![CDATA[java.lang.AssertionError: expected [true] but found [false]
at com.MarshPanel.TestCases.TC_ForgotPassword_002_OTP.forgotpassword3(TC_ForgotPassword_002_OTP.java:118)
at java.util.ArrayList.forEach(ArrayList.java:1257)
... Removed 31 stack frames]]>
    </failure>
  </testcase> <!-- forgotpassword3 -->
  <testcase name="forgotpassword4" time="5.462" classname="com.MarshPanel.TestCases.TC_ForgotPassword_002_OTP"/>
  <testcase name="forgotpassword5" time="0.133" classname="com.MarshPanel.TestCases.TC_ForgotPassword_002_OTP"/>
  <testcase name="forgotpassword6" time="4.953" classname="com.MarshPanel.TestCases.TC_ForgotPassword_002_OTP"/>
  <testcase name="forgotpassword7" time="2.625" classname="com.MarshPanel.TestCases.TC_ForgotPassword_002_OTP"/>
  <testcase name="forgotpassword8" time="4.915" classname="com.MarshPanel.TestCases.TC_ForgotPassword_002_OTP"/>
  <testcase name="forgotpassword9" time="4.949" classname="com.MarshPanel.TestCases.TC_ForgotPassword_002_OTP"/>
  <testcase name="forgotpassword10" time="4.884" classname="com.MarshPanel.TestCases.TC_ForgotPassword_002_OTP"/>
  <testcase name="forgotpassword11" time="5.277" classname="com.MarshPanel.TestCases.TC_ForgotPassword_002_OTP"/>
  <testcase name="forgotpassword12" time="5.686" classname="com.MarshPanel.TestCases.TC_ForgotPassword_002_OTP">
    <failure type="java.lang.AssertionError" message="expected [true] but found [false]">
      <![CDATA[java.lang.AssertionError: expected [true] but found [false]
at com.MarshPanel.TestCases.TC_ForgotPassword_002_OTP.forgotpassword12(TC_ForgotPassword_002_OTP.java:352)
at java.util.ArrayList.forEach(ArrayList.java:1257)
... Removed 31 stack frames]]>
    </failure>
  </testcase> <!-- forgotpassword12 -->
</testsuite> <!-- MarshPanel Test -->
